Determining if the pthread_create exist failed with the following output:
Change Dir: /home/harp/SaveData/Jin/apriltag_size/build/catkin_tools_prebuild/CMakeFiles/CMakeTmp

Run Build Command:"/usr/bin/make" "cmTryCompileExec1823891500/fast"
/usr/bin/make -f CMakeFiles/cmTryCompileExec1823891500.dir/build.make CMakeFiles/cmTryCompileExec1823891500.dir/build
make[1]: Entering directory `/home/harp/SaveData/Jin/apriltag_size/build/catkin_tools_prebuild/CMakeFiles/CMakeTmp'
/usr/bin/cmake -E cmake_progress_report /home/harp/SaveData/Jin/apriltag_size/build/catkin_tools_prebuild/CMakeFiles/CMakeTmp/CMakeFiles 1
Building C object CMakeFiles/cmTryCompileExec1823891500.dir/CheckSymbolExists.c.o
/usr/bin/cc    -o CMakeFiles/cmTryCompileExec1823891500.dir/CheckSymbolExists.c.o   -c /home/harp/SaveData/Jin/apriltag_size/build/catkin_tools_prebuild/CMakeFiles/CMakeTmp/CheckSymbolExists.c
Linking C executable cmTryCompileExec1823891500
/usr/bin/cmake -E cmake_link_script CMakeFiles/cmTryCompileExec1823891500.dir/link.txt --verbose=1
/usr/bin/cc       CMakeFiles/cmTryCompileExec1823891500.dir/CheckSymbolExists.c.o  -o cmTryCompileExec1823891500 -rdynamic 
CMakeFiles/cmTryCompileExec1823891500.dir/CheckSymbolExists.c.o: In function `main':
CheckSymbolExists.c:(.text+0x16): undefined reference to `pthread_create'
collect2: error: ld returned 1 exit status
make[1]: Leaving directory `/home/harp/SaveData/Jin/apriltag_size/build/catkin_tools_prebuild/CMakeFiles/CMakeTmp'
make[1]: *** [cmTryCompileExec1823891500] Error 1
make: *** [cmTryCompileExec1823891500/fast] Error 2

File /home/harp/SaveData/Jin/apriltag_size/build/catkin_tools_prebuild/CMakeFiles/CMakeTmp/CheckSymbolExists.c:
/* */
#include <pthread.h>

int main(int argc, char** argv)
{
  (void)argv;
#ifndef pthread_create
  return ((int*)(&pthread_create))[argc];
#else
  (void)argc;
  return 0;
#endif
}

Determining if the function pthread_create exists in the pthreads failed with the following output:
Change Dir: /home/harp/SaveData/Jin/apriltag_size/build/catkin_tools_prebuild/CMakeFiles/CMakeTmp

Run Build Command:"/usr/bin/make" "cmTryCompileExec617062775/fast"
/usr/bin/make -f CMakeFiles/cmTryCompileExec617062775.dir/build.make CMakeFiles/cmTryCompileExec617062775.dir/build
make[1]: Entering directory `/home/harp/SaveData/Jin/apriltag_size/build/catkin_tools_prebuild/CMakeFiles/CMakeTmp'
/usr/bin/cmake -E cmake_progress_report /home/harp/SaveData/Jin/apriltag_size/build/catkin_tools_prebuild/CMakeFiles/CMakeTmp/CMakeFiles 1
Building C object CMakeFiles/cmTryCompileExec617062775.dir/CheckFunctionExists.c.o
/usr/bin/cc   -DCHECK_FUNCTION_EXISTS=pthread_create   -o CMakeFiles/cmTryCompileExec617062775.dir/CheckFunctionExists.c.o   -c /usr/share/cmake-3.0/Modules/CheckFunctionExists.c
Linking C executable cmTryCompileExec617062775
/usr/bin/cmake -E cmake_link_script CMakeFiles/cmTryCompileExec617062775.dir/link.txt --verbose=1
/usr/bin/cc   -DCHECK_FUNCTION_EXISTS=pthread_create    CMakeFiles/cmTryCompileExec617062775.dir/CheckFunctionExists.c.o  -o cmTryCompileExec617062775 -rdynamic -lpthreads 
/usr/bin/ld: cannot find -lpthreads
collect2: error: ld returned 1 exit status
make[1]: *** [cmTryCompileExec617062775] Error 1
make[1]: Leaving directory `/home/harp/SaveData/Jin/apriltag_size/build/catkin_tools_prebuild/CMakeFiles/CMakeTmp'
make: *** [cmTryCompileExec617062775/fast] Error 2


