Determining if the pthread_create exist failed with the following output:
Change Dir: /home/harp/SaveData/Jin/apriltag_size/build/apriltags/CMakeFiles/CMakeTmp

Run Build Command:"/usr/bin/make" "cmTryCompileExec2400173996/fast"
/usr/bin/make -f CMakeFiles/cmTryCompileExec2400173996.dir/build.make CMakeFiles/cmTryCompileExec2400173996.dir/build
make[1]: Entering directory `/home/harp/SaveData/Jin/apriltag_size/build/apriltags/CMakeFiles/CMakeTmp'
/usr/bin/cmake -E cmake_progress_report /home/harp/SaveData/Jin/apriltag_size/build/apriltags/CMakeFiles/CMakeTmp/CMakeFiles 1
Building C object CMakeFiles/cmTryCompileExec2400173996.dir/CheckSymbolExists.c.o
/usr/bin/cc    -o CMakeFiles/cmTryCompileExec2400173996.dir/CheckSymbolExists.c.o   -c /home/harp/SaveData/Jin/apriltag_size/build/apriltags/CMakeFiles/CMakeTmp/CheckSymbolExists.c
Linking C executable cmTryCompileExec2400173996
/usr/bin/cmake -E cmake_link_script CMakeFiles/cmTryCompileExec2400173996.dir/link.txt --verbose=1
/usr/bin/cc       CMakeFiles/cmTryCompileExec2400173996.dir/CheckSymbolExists.c.o  -o cmTryCompileExec2400173996 -rdynamic 
CMakeFiles/cmTryCompileExec2400173996.dir/CheckSymbolExists.c.o: In function `main':
CheckSymbolExists.c:(.text+0x16): undefined reference to `pthread_create'
collect2: error: ld returned 1 exit status
make[1]: Leaving directory `/home/harp/SaveData/Jin/apriltag_size/build/apriltags/CMakeFiles/CMakeTmp'
make[1]: *** [cmTryCompileExec2400173996] Error 1
make: *** [cmTryCompileExec2400173996/fast] Error 2

File /home/harp/SaveData/Jin/apriltag_size/build/apriltags/CMakeFiles/CMakeTmp/CheckSymbolExists.c:
/* */
#include <pthread.h>

int main(int argc, char** argv)
{
  (void)argv;
#ifndef pthread_create
  return ((int*)(&pthread_create))[argc];
#else
  (void)argc;
  return 0;
#endif
}

Determining if the function pthread_create exists in the pthreads failed with the following output:
Change Dir: /home/harp/SaveData/Jin/apriltag_size/build/apriltags/CMakeFiles/CMakeTmp

Run Build Command:"/usr/bin/make" "cmTryCompileExec1402367255/fast"
/usr/bin/make -f CMakeFiles/cmTryCompileExec1402367255.dir/build.make CMakeFiles/cmTryCompileExec1402367255.dir/build
make[1]: Entering directory `/home/harp/SaveData/Jin/apriltag_size/build/apriltags/CMakeFiles/CMakeTmp'
/usr/bin/cmake -E cmake_progress_report /home/harp/SaveData/Jin/apriltag_size/build/apriltags/CMakeFiles/CMakeTmp/CMakeFiles 1
Building C object CMakeFiles/cmTryCompileExec1402367255.dir/CheckFunctionExists.c.o
/usr/bin/cc   -DCHECK_FUNCTION_EXISTS=pthread_create   -o CMakeFiles/cmTryCompileExec1402367255.dir/CheckFunctionExists.c.o   -c /usr/share/cmake-3.0/Modules/CheckFunctionExists.c
Linking C executable cmTryCompileExec1402367255
/usr/bin/cmake -E cmake_link_script CMakeFiles/cmTryCompileExec1402367255.dir/link.txt --verbose=1
/usr/bin/cc   -DCHECK_FUNCTION_EXISTS=pthread_create    CMakeFiles/cmTryCompileExec1402367255.dir/CheckFunctionExists.c.o  -o cmTryCompileExec1402367255 -rdynamic -lpthreads 
/usr/bin/ld: cannot find -lpthreads
collect2: error: ld returned 1 exit status
make[1]: Leaving directory `/home/harp/SaveData/Jin/apriltag_size/build/apriltags/CMakeFiles/CMakeTmp'
make[1]: *** [cmTryCompileExec1402367255] Error 1
make: *** [cmTryCompileExec1402367255/fast] Error 2


